<?xml version="1.0" encoding="UTF-8"?>
<!-- Generated by org.testng.reporters.JUnitXMLReporter -->
<testsuite ignored="1" hostname="LAPTOP-28KS5UKO" failures="0" tests="4" name="unitTest" time="13.313" errors="0" timestamp="2022-04-03T19:49:21 IST">
  <testcase classname="com.demo.test.testOrangeHRM" name="openBrowser" time="5.794"/>
  <testcase classname="com.demo.test.testOrangeHRM" name="loginTest" time="1.7"/>
  <testcase classname="com.demo.test.testOrangeHRM" name="loginTest" time="5.026"/>
  <testcase classname="com.demo.test.testOrangeHRM" name="verifyLogin" time="0.063"/>
  <testcase classname="com.demo.test.testOrangeHRM" name="addEmployee" time="0.0">
    <ignored/>
  </testcase> <!-- addEmployee -->
</testsuite> <!-- unitTest -->
