<?xml version="1.0" encoding="UTF-8"?>
<!-- Generated by org.testng.reporters.JUnitXMLReporter -->
<testsuite ignored="0" hostname="SEVEN-BITS" failures="0" tests="3" name="LoginTest" time="22.631" errors="0" timestamp="2023-02-08T18:21:56 IST">
  <testcase classname="com.luma.testcases.LoginPageTest" name="navTest" time="1.424"/>
  <testcase classname="com.luma.testcases.LoginPageTest" name="loginTest" time="2.795"/>
  <testcase classname="com.luma.testcases.LoginPageTest" name="verifyLoginTest" time="0.08"/>
</testsuite> <!-- LoginTest -->
