<?xml version="1.0" encoding="UTF-8"?>
<!-- Generated by org.testng.reporters.JUnitXMLReporter -->
<testsuite ignored="0" hostname="SEVEN-BITS" failures="0" tests="4" name="ProductTest" time="35.492" errors="0" timestamp="2023-02-09T18:59:54 IST">
  <testcase classname="com.luma.testcases.HomePageTest" name="homePageTest" time="4.103"/>
  <testcase classname="com.luma.testcases.HomePageTest" name="selectProduct" time="17.889"/>
  <testcase classname="com.luma.testcases.HomePageTest" name="prodFilter" time="1.194"/>
  <testcase classname="com.luma.testcases.HomePageTest" name="selProd" time="1.298"/>
</testsuite> <!-- ProductTest -->
