<?xml version="1.0" encoding="UTF-8"?>
<!-- Generated by org.testng.reporters.JUnitXMLReporter -->
<testsuite ignored="0" hostname="SEVEN-BITS" failures="0" tests="3" name="addEmployee" time="26.314" errors="0" timestamp="2022-08-13T09:47:52 IST">
  <testcase classname="com.testcases.AddEmployeePageTest" name="login" time="5.355"/>
  <testcase classname="com.testcases.AddEmployeePageTest" name="addEmpTest" time="3.372"/>
  <testcase classname="com.testcases.AddEmployeePageTest" name="searchEmp" time="10.723"/>
</testsuite> <!-- addEmployee -->
