<?xml version="1.0" encoding="UTF-8"?>
<!-- Generated by org.testng.reporters.JUnitXMLReporter -->
<testsuite ignored="0" hostname="SEVEN-BITS" failures="0" tests="3" name="addEmpTest" time="23.629" errors="0" timestamp="2022-07-25T11:41:30 IST">
  <testcase classname="com.testcases.AddEmployeePageTest" name="login" time="4.936"/>
  <testcase classname="com.testcases.AddEmployeePageTest" name="addEmpTest" time="2.777"/>
  <testcase classname="com.testcases.AddEmployeePageTest" name="searchEmp" time="10.629"/>
</testsuite> <!-- addEmpTest -->
