<?xml version="1.0" encoding="UTF-8"?>
<!-- Generated by org.testng.reporters.JUnitXMLReporter -->
<testsuite ignored="2" hostname="LAPTOP-28KS5UKO" failures="0" tests="3" name="Default test" time="12.672" errors="0" timestamp="2022-04-03T19:32:26 IST">
  <testcase classname="com.demo.test.testOrangeHRM" name="openBrowser" time="5.483"/>
  <testcase classname="com.demo.test.testOrangeHRM" name="loginTest" time="1.632"/>
  <testcase classname="com.demo.test.testOrangeHRM" name="loginTest" time="4.781"/>
  <testcase classname="com.demo.test.testOrangeHRM" name="addEmployee" time="0.0">
    <ignored/>
  </testcase> <!-- addEmployee -->
  <testcase classname="com.demo.test.testOrangeHRM" name="verifyLogin" time="0.0">
    <ignored/>
  </testcase> <!-- verifyLogin -->
</testsuite> <!-- Default test -->
