<?xml version="1.0" encoding="UTF-8"?>
<testng-results ignored="0" total="1" passed="0" failed="1" skipped="0">
  <reporter-output>
  </reporter-output>
  <suite started-at="2023-01-02T17:14:19 IST" name="Default suite" finished-at="2023-01-02T17:15:56 IST" duration-ms="97900">
    <groups>
    </groups>
    <test started-at="2023-01-02T17:14:19 IST" name="Default test" finished-at="2023-01-02T17:15:56 IST" duration-ms="97900">
      <class name="com.bw.testcases.ProductListPageTest">
        <test-method is-config="true" signature="setup()[pri:0, instance:com.bw.testcases.ProductListPageTest@a514af7]" started-at="2023-01-02T17:14:19 IST" name="setup" finished-at="2023-01-02T17:14:42 IST" duration-ms="22128" status="PASS">
          <reporter-output>
          </reporter-output>
        </test-method> <!-- setup -->
        <test-method signature="productListTest(java.lang.String,java.lang.String)[pri:1, instance:com.bw.testcases.ProductListPageTest@a514af7]" started-at="2023-01-02T17:14:42 IST" name="productListTest" data-provider="getTestData" finished-at="2023-01-02T17:15:56 IST" duration-ms="74873" status="FAIL">
          <params>
            <param index="0">
              <value>
                <![CDATA[polaris]]>
              </value>
            </param>
            <param index="1">
              <value>
                <![CDATA[slingshot]]>
              </value>
            </param>
          </params>
          <exception class="java.net.MalformedURLException">
            <message>
              <![CDATA[unknown protocol: javascript]]>
            </message>
            <full-stacktrace>
              <![CDATA[java.net.MalformedURLException: unknown protocol: javascript
at java.base/java.net.URL.<init>(URL.java:681)
at java.base/java.net.URL.<init>(URL.java:569)
at java.base/java.net.URL.<init>(URL.java:516)
at com.bw.pages.ProductListPage.clickProduct(ProductListPage.java:64)
at com.bw.testcases.ProductListPageTest.productListTest(ProductListPageTest.java:40)
at java.base/jdk.internal.reflect.NativeMethodAccessorImpl.invoke0(Native Method)
at java.base/jdk.internal.reflect.NativeMethodAccessorImpl.invoke(NativeMethodAccessorImpl.java:77)
at java.base/jdk.internal.reflect.DelegatingMethodAccessorImpl.invoke(DelegatingMethodAccessorImpl.java:43)
at java.base/java.lang.reflect.Method.invoke(Method.java:568)
at org.testng.internal.MethodInvocationHelper.invokeMethod(MethodInvocationHelper.java:133)
at org.testng.internal.TestInvoker.invokeMethod(TestInvoker.java:598)
at org.testng.internal.TestInvoker.invokeTestMethod(TestInvoker.java:173)
at org.testng.internal.MethodRunner.runInSequence(MethodRunner.java:46)
at org.testng.internal.TestInvoker$MethodInvocationAgent.invoke(TestInvoker.java:824)
at org.testng.internal.TestInvoker.invokeTestMethods(TestInvoker.java:146)
at org.testng.internal.TestMethodWorker.invokeTestMethods(TestMethodWorker.java:146)
at org.testng.internal.TestMethodWorker.run(TestMethodWorker.java:128)
at java.base/java.util.ArrayList.forEach(ArrayList.java:1511)
at org.testng.TestRunner.privateRun(TestRunner.java:794)
at org.testng.TestRunner.run(TestRunner.java:596)
at org.testng.SuiteRunner.runTest(SuiteRunner.java:377)
at org.testng.SuiteRunner.runSequentially(SuiteRunner.java:371)
at org.testng.SuiteRunner.privateRun(SuiteRunner.java:332)
at org.testng.SuiteRunner.run(SuiteRunner.java:276)
at org.testng.SuiteRunnerWorker.runSuite(SuiteRunnerWorker.java:53)
at org.testng.SuiteRunnerWorker.run(SuiteRunnerWorker.java:96)
at org.testng.TestNG.runSuitesSequentially(TestNG.java:1212)
at org.testng.TestNG.runSuitesLocally(TestNG.java:1134)
at org.testng.TestNG.runSuites(TestNG.java:1063)
at org.testng.TestNG.run(TestNG.java:1031)
at org.testng.remote.AbstractRemoteTestNG.run(AbstractRemoteTestNG.java:115)
at org.testng.remote.RemoteTestNG.initAndRun(RemoteTestNG.java:251)
at org.testng.remote.RemoteTestNG.main(RemoteTestNG.java:77)
]]>
            </full-stacktrace>
          </exception> <!-- java.net.MalformedURLException -->
          <reporter-output>
          </reporter-output>
        </test-method> <!-- productListTest -->
      </class> <!-- com.bw.testcases.ProductListPageTest -->
    </test> <!-- Default test -->
  </suite> <!-- Default suite -->
</testng-results>
