<?xml version="1.0" encoding="UTF-8"?>
<testng-results ignored="0" total="3" passed="3" failed="0" skipped="0">
  <reporter-output>
  </reporter-output>
  <suite started-at="2023-02-14T10:00:06 IST" name="Default suite" finished-at="2023-02-14T10:00:09 IST" duration-ms="3156">
    <groups>
    </groups>
    <test started-at="2023-02-14T10:00:06 IST" name="Default test" finished-at="2023-02-14T10:00:09 IST" duration-ms="3156">
      <class name="tests.PutPatchDelete">
        <test-method signature="deleteTest()[pri:0, instance:tests.PutPatchDelete@76508ed1]" started-at="2023-02-14T10:00:06 IST" name="deleteTest" finished-at="2023-02-14T10:00:08 IST" duration-ms="1942" status="PASS">
          <reporter-output>
          </reporter-output>
        </test-method> <!-- deleteTest -->
        <test-method signature="patchTest()[pri:0, instance:tests.PutPatchDelete@76508ed1]" started-at="2023-02-14T10:00:08 IST" name="patchTest" finished-at="2023-02-14T10:00:08 IST" duration-ms="646" status="PASS">
          <reporter-output>
          </reporter-output>
        </test-method> <!-- patchTest -->
        <test-method signature="putTest()[pri:0, instance:tests.PutPatchDelete@76508ed1]" started-at="2023-02-14T10:00:08 IST" name="putTest" finished-at="2023-02-14T10:00:09 IST" duration-ms="513" status="PASS">
          <reporter-output>
          </reporter-output>
        </test-method> <!-- putTest -->
      </class> <!-- tests.PutPatchDelete -->
    </test> <!-- Default test -->
  </suite> <!-- Default suite -->
</testng-results>
