<?xml version="1.0" encoding="UTF-8"?>
<testng-results ignored="0" total="1" passed="1" failed="0" skipped="0">
  <reporter-output>
  </reporter-output>
  <suite started-at="2022-06-16T08:26:49 IST" name="TestQA_Academy" finished-at="2022-06-16T08:26:58 IST" duration-ms="8619">
    <groups>
    </groups>
    <test started-at="2022-06-16T08:26:49 IST" name="RegisterTest" finished-at="2022-06-16T08:26:58 IST" duration-ms="8619">
      <class name="com.qa.testcases.TestRegisterPage">
        <test-method is-config="true" signature="setUp()[pri:0, instance:com.qa.testcases.TestRegisterPage@61544ae6]" started-at="2022-06-16T08:26:49 IST" name="setUp" finished-at="2022-06-16T08:26:57 IST" duration-ms="7619" status="PASS">
          <reporter-output>
          </reporter-output>
        </test-method> <!-- setUp -->
        <test-method signature="regUser(java.lang.String,java.lang.String,java.lang.String)[pri:0, instance:com.qa.testcases.TestRegisterPage@61544ae6]" started-at="2022-06-16T08:26:57 IST" name="regUser" data-provider="testData" finished-at="2022-06-16T08:26:58 IST" duration-ms="221" status="PASS">
          <params>
            <param index="0">
              <value>
                <![CDATA[Vishal Anand Kachale]]>
              </value>
            </param>
            <param index="1">
              <value>
                <![CDATA[vishal26@gmail.com]]>
              </value>
            </param>
            <param index="2">
              <value>
                <![CDATA[Vishal@26]]>
              </value>
            </param>
          </params>
          <reporter-output>
          </reporter-output>
        </test-method> <!-- regUser -->
        <test-method is-config="true" signature="tearDown()[pri:0, instance:com.qa.testcases.TestRegisterPage@61544ae6]" started-at="2022-06-16T08:26:58 IST" name="tearDown" finished-at="2022-06-16T08:26:58 IST" duration-ms="190" status="PASS">
          <reporter-output>
          </reporter-output>
        </test-method> <!-- tearDown -->
      </class> <!-- com.qa.testcases.TestRegisterPage -->
    </test> <!-- RegisterTest -->
  </suite> <!-- TestQA_Academy -->
</testng-results>
