<?xml version="1.0" encoding="UTF-8"?>
<testng-results ignored="0" total="4" passed="4" failed="0" skipped="0">
  <reporter-output>
  </reporter-output>
  <suite started-at="2023-02-09T18:59:18 IST" name="LumaSuite" finished-at="2023-02-09T18:59:54 IST" duration-ms="35492">
    <groups>
    </groups>
    <test started-at="2023-02-09T18:59:18 IST" name="ProductTest" finished-at="2023-02-09T18:59:54 IST" duration-ms="35492">
      <class name="com.luma.testcases.HomePageTest">
        <test-method is-config="true" signature="setup(java.lang.String)[pri:0, instance:com.luma.testcases.HomePageTest@1e5f4170]" started-at="2023-02-09T18:59:18 IST" name="setup" finished-at="2023-02-09T18:59:29 IST" duration-ms="10641" status="PASS">
          <params>
            <param index="0">
              <value>
                <![CDATA[chrome]]>
              </value>
            </param>
          </params>
          <reporter-output>
          </reporter-output>
        </test-method> <!-- setup -->
        <test-method signature="homePageTest()[pri:0, instance:com.luma.testcases.HomePageTest@1e5f4170]" started-at="2023-02-09T18:59:29 IST" name="homePageTest" finished-at="2023-02-09T18:59:33 IST" duration-ms="4103" status="PASS">
          <reporter-output>
          </reporter-output>
        </test-method> <!-- homePageTest -->
        <test-method signature="selectProduct()[pri:0, instance:com.luma.testcases.HomePageTest@1e5f4170]" started-at="2023-02-09T18:59:33 IST" name="selectProduct" finished-at="2023-02-09T18:59:51 IST" duration-ms="17889" status="PASS">
          <reporter-output>
          </reporter-output>
        </test-method> <!-- selectProduct -->
        <test-method signature="prodFilter()[pri:0, instance:com.luma.testcases.HomePageTest@1e5f4170]" started-at="2023-02-09T18:59:51 IST" name="prodFilter" finished-at="2023-02-09T18:59:52 IST" duration-ms="1194" status="PASS">
          <reporter-output>
          </reporter-output>
        </test-method> <!-- prodFilter -->
        <test-method signature="selProd()[pri:0, instance:com.luma.testcases.HomePageTest@1e5f4170]" started-at="2023-02-09T18:59:52 IST" name="selProd" finished-at="2023-02-09T18:59:53 IST" duration-ms="1298" status="PASS">
          <reporter-output>
          </reporter-output>
        </test-method> <!-- selProd -->
        <test-method is-config="true" signature="tearDown()[pri:0, instance:com.luma.testcases.HomePageTest@1e5f4170]" started-at="2023-02-09T18:59:53 IST" name="tearDown" finished-at="2023-02-09T18:59:54 IST" duration-ms="325" status="PASS">
          <reporter-output>
          </reporter-output>
        </test-method> <!-- tearDown -->
      </class> <!-- com.luma.testcases.HomePageTest -->
    </test> <!-- ProductTest -->
  </suite> <!-- LumaSuite -->
</testng-results>
