<?xml version="1.0" encoding="UTF-8"?>
<!-- Generated by org.testng.reporters.JUnitXMLReporter -->
<testsuite ignored="0" hostname="SEVEN-BITS" failures="0" tests="3" name="Default test" time="3.156" errors="0" timestamp="2023-02-14T10:00:09 IST">
  <testcase classname="tests.PutPatchDelete" name="deleteTest" time="1.942"/>
  <testcase classname="tests.PutPatchDelete" name="patchTest" time="0.646"/>
  <testcase classname="tests.PutPatchDelete" name="putTest" time="0.513"/>
</testsuite> <!-- Default test -->
