<?xml version="1.0" encoding="UTF-8"?>
<testng-results ignored="1" total="5" passed="4" failed="0" skipped="0">
  <reporter-output>
  </reporter-output>
  <suite started-at="2022-04-03T19:49:08 IST" name="OrangeHRMTestSuite" finished-at="2022-04-03T19:49:21 IST" duration-ms="13313">
    <groups>
    </groups>
    <test started-at="2022-04-03T19:49:08 IST" name="unitTest" finished-at="2022-04-03T19:49:21 IST" duration-ms="13313">
      <class name="com.demo.test.testOrangeHRM">
        <test-method signature="openBrowser(java.lang.String)[pri:0, instance:com.demo.test.testOrangeHRM@45099dd3]" started-at="2022-04-03T19:49:08 IST" name="openBrowser" finished-at="2022-04-03T19:49:14 IST" duration-ms="5794" status="PASS">
          <params>
            <param index="0">
              <value>
                <![CDATA[chrome]]>
              </value>
            </param>
          </params>
          <reporter-output>
          </reporter-output>
        </test-method> <!-- openBrowser -->
        <test-method signature="loginTest(java.lang.String,java.lang.String)[pri:0, instance:com.demo.test.testOrangeHRM@45099dd3]" started-at="2022-04-03T19:49:14 IST" name="loginTest" data-provider="testData" finished-at="2022-04-03T19:49:16 IST" duration-ms="1700" status="PASS">
          <params>
            <param index="0">
              <value>
                <![CDATA[test]]>
              </value>
            </param>
            <param index="1">
              <value>
                <![CDATA[test123]]>
              </value>
            </param>
          </params>
          <reporter-output>
          </reporter-output>
        </test-method> <!-- loginTest -->
        <test-method signature="loginTest(java.lang.String,java.lang.String)[pri:0, instance:com.demo.test.testOrangeHRM@45099dd3]" started-at="2022-04-03T19:49:16 IST" name="loginTest" data-provider="testData" finished-at="2022-04-03T19:49:21 IST" duration-ms="5026" status="PASS">
          <params>
            <param index="0">
              <value>
                <![CDATA[admin]]>
              </value>
            </param>
            <param index="1">
              <value>
                <![CDATA[admin123]]>
              </value>
            </param>
          </params>
          <reporter-output>
          </reporter-output>
        </test-method> <!-- loginTest -->
        <test-method signature="verifyLogin()[pri:0, instance:com.demo.test.testOrangeHRM@45099dd3]" started-at="2022-04-03T19:49:21 IST" name="verifyLogin" finished-at="2022-04-03T19:49:21 IST" duration-ms="63" status="PASS">
          <reporter-output>
          </reporter-output>
        </test-method> <!-- verifyLogin -->
        <test-method is-config="true" signature="exit()[pri:0, instance:com.demo.test.testOrangeHRM@45099dd3]" started-at="2022-04-03T19:49:21 IST" name="exit" finished-at="2022-04-03T19:49:21 IST" duration-ms="200" status="PASS">
          <reporter-output>
          </reporter-output>
        </test-method> <!-- exit -->
      </class> <!-- com.demo.test.testOrangeHRM -->
    </test> <!-- unitTest -->
  </suite> <!-- OrangeHRMTestSuite -->
</testng-results>
