<?xml version="1.0" encoding="UTF-8"?>
<!-- Generated by org.testng.reporters.JUnitXMLReporter -->
<testsuite ignored="0" hostname="SEVEN-BITS" failures="0" tests="5" name="SearchTrain" time="17.237" errors="0" timestamp="2023-01-19T16:14:15 IST">
  <testcase classname="com.test.testcases.SearchTrainTest" name="selectLocation" time="2.567"/>
  <testcase classname="com.test.testcases.SearchTrainTest" name="selectDate" time="0.557"/>
  <testcase classname="com.test.testcases.SearchTrainTest" name="selectClass" time="0.489"/>
  <testcase classname="com.test.testcases.SearchTrainTest" name="selectChkBox" time="0.193"/>
  <testcase classname="com.test.testcases.SearchTrainTest" name="getTrainCount" time="0.647"/>
</testsuite> <!-- SearchTrain -->
