<?xml version="1.0" encoding="UTF-8"?>
<!-- Generated by org.testng.reporters.JUnitXMLReporter -->
<testsuite ignored="0" hostname="SEVEN-BITS" failures="0" tests="3" name="SearchBus" time="8.256" errors="0" timestamp="2023-01-23T16:23:26 IST">
  <testcase classname="com.test.testcases.SearchBusTest" name="@BeforeTest setUp" time="8.169">
    <failure type="java.lang.NoSuchFieldError" message="EXPLICIT_WAIT">
      <![CDATA[java.lang.NoSuchFieldError: EXPLICIT_WAIT
at com.test.pages.SearchBus.<init>(SearchBus.java:23)
at com.test.testcases.SearchBusTest.setUp(SearchBusTest.java:29)
... Removed 24 stack frames]]>
    </failure>
  </testcase> <!-- @BeforeTest setUp -->
  <testcase classname="com.test.testcases.SearchBusTest" name="@AfterTest tearDown" time="-1.674471206358E9">
    <skipped/>
  </testcase> <!-- @AfterTest tearDown -->
  <testcase classname="com.test.testcases.SearchBusTest" name="selectLocations" time="0.0">
    <skipped/>
  </testcase> <!-- selectLocations -->
  <testcase classname="com.test.testcases.SearchBusTest" name="selectDate" time="0.0">
    <skipped/>
  </testcase> <!-- selectDate -->
  <testcase classname="com.test.testcases.SearchBusTest" name="busCount" time="0.0">
    <skipped/>
  </testcase> <!-- busCount -->
</testsuite> <!-- SearchBus -->
